<?xml version="1.0" encoding="UTF-8"?>
<!-- Generated by org.testng.reporters.JUnitReportReporter -->
<testsuite hostname="inbl01lap5867" failures="0" tests="1" name="OpenMrsTestCases.LoginPageInvalidTest" time="5.789" errors="0" timestamp="2022-02-19T11:44:12 IST" skipped="0">
  <testcase classname="OpenMrsTestCases.LoginPageInvalidTest" name="validateLoginPage" time="5.789"/>
  <system-out/>
</testsuite> <!-- OpenMrsTestCases.LoginPageInvalidTest -->
