<?xml version="1.0" encoding="UTF-8"?>
<!-- Generated by org.testng.reporters.JUnitReportReporter -->
<testsuite hostname="inbl01lap5867" failures="0" tests="1" name="OpenMrsTestCases.LoginPageValidCredentialsTestCase" time="8.571" errors="0" timestamp="2022-02-18T16:34:12 IST" skipped="0">
  <testcase classname="OpenMrsTestCases.LoginPageValidCredentialsTestCase" name="validateLoginPage" time="8.571"/>
  <system-out/>
</testsuite> <!-- OpenMrsTestCases.LoginPageValidCredentialsTestCase -->
