<?xml version="1.0" encoding="UTF-8"?>
<!-- Generated by org.testng.reporters.JUnitReportReporter -->
<testsuite hostname="inbl01lap5867" failures="0" tests="1" name="OpenMrsTestCases.ManageApointPageTest" time="13.084" errors="0" timestamp="2022-02-19T11:44:12 IST" skipped="0">
  <testcase classname="OpenMrsTestCases.ManageApointPageTest" name="verify" time="13.084"/>
  <system-out/>
</testsuite> <!-- OpenMrsTestCases.ManageApointPageTest -->
