<?xml version="1.0" encoding="UTF-8"?>
<!-- Generated by org.testng.reporters.JUnitReportReporter -->
<testsuite hostname="inbl01lap5867" failures="0" tests="1" name="OpenMrsTestCases.LoginPageInvalidCrendentialsTestCase" time="7.753" errors="0" timestamp="2022-02-18T16:34:12 IST" skipped="0">
  <testcase classname="OpenMrsTestCases.LoginPageInvalidCrendentialsTestCase" name="validateLoginPage" time="7.753"/>
  <system-out/>
</testsuite> <!-- OpenMrsTestCases.LoginPageInvalidCrendentialsTestCase -->
