<?xml version="1.0" encoding="UTF-8"?>
<!-- Generated by org.testng.reporters.JUnitReportReporter -->
<testsuite hostname="inbl01lap5867" failures="0" tests="1" name="OpenMrsTestCases.AppointmentTestCase" time="8.947" errors="0" timestamp="2022-02-18T12:56:25 IST" skipped="0">
  <testcase classname="OpenMrsTestCases.AppointmentTestCase" name="validateLoginPage" time="8.947"/>
  <system-out/>
</testsuite> <!-- OpenMrsTestCases.AppointmentTestCase -->
