<?xml version="1.0" encoding="UTF-8"?>
<!-- Generated by org.testng.reporters.JUnitReportReporter -->
<testsuite hostname="inbl01lap5867" failures="0" tests="1" name="OpenMrsTestCases.LoginPageTest" time="7.081" errors="0" timestamp="2022-02-19T11:44:12 IST" skipped="0">
  <testcase classname="OpenMrsTestCases.LoginPageTest" name="validateLoginPage" time="7.081"/>
  <system-out/>
</testsuite> <!-- OpenMrsTestCases.LoginPageTest -->
